     1 00000000                                 [FORMAT "WCOFF"]
     2 00000000                                 [INSTRSET "i486p"]
     3 00000000                                 [OPTIMIZE 1]
     4 00000000                                 [OPTION 1]
     5 00000000                                 [BITS 32]
     6 00000000                                 	EXTERN	_Font
     7 00000000                                 [FILE "Graphic.c"]
     8                                          [SECTION .text]
     9 00000000                                 	GLOBAL	_RectFill
    10 00000000                                 _RectFill:
    11 00000000 55                              	PUSH	EBP
    12 00000001 89 E5                           	MOV	EBP,ESP
    13 00000003 57                              	PUSH	EDI
    14 00000004 56                              	PUSH	ESI
    15 00000005 53                              	PUSH	EBX
    16 00000006 51                              	PUSH	ECX
    17 00000007 51                              	PUSH	ECX
    18 00000008 8A 45 10                        	MOV	AL,BYTE [16+EBP]
    19 0000000B 8B 4D 18                        	MOV	ECX,DWORD [24+EBP]
    20 0000000E 8B 7D 1C                        	MOV	EDI,DWORD [28+EBP]
    21 00000011 88 45 F3                        	MOV	BYTE [-13+EBP],AL
    22 00000014 3B 4D 20                        	CMP	ECX,DWORD [32+EBP]
    23 00000017 7F 31                           	JG	L13
    24 00000019 8B 5D 0C                        	MOV	EBX,DWORD [12+EBP]
    25 0000001C 0F AF D9                        	IMUL	EBX,ECX
    26 0000001F                                 L11:
    27 0000001F 8B 55 14                        	MOV	EDX,DWORD [20+EBP]
    28 00000022 39 FA                           	CMP	EDX,EDI
    29 00000024 7F 1B                           	JG	L15
    30 00000026 8B 75 08                        	MOV	ESI,DWORD [8+EBP]
    31 00000029 01 DE                           	ADD	ESI,EBX
    32 0000002B 01 D6                           	ADD	ESI,EDX
    33 0000002D 89 75 EC                        	MOV	DWORD [-20+EBP],ESI
    34 00000030                                 L10:
    35 00000030 8B 75 EC                        	MOV	ESI,DWORD [-20+EBP]
    36 00000033 8A 45 F3                        	MOV	AL,BYTE [-13+EBP]
    37 00000036 42                              	INC	EDX
    38 00000037 88 06                           	MOV	BYTE [ESI],AL
    39 00000039 46                              	INC	ESI
    40 0000003A 89 75 EC                        	MOV	DWORD [-20+EBP],ESI
    41 0000003D 39 FA                           	CMP	EDX,EDI
    42 0000003F 7E EF                           	JLE	L10
    43 00000041                                 L15:
    44 00000041 41                              	INC	ECX
    45 00000042 03 5D 0C                        	ADD	EBX,DWORD [12+EBP]
    46 00000045 3B 4D 20                        	CMP	ECX,DWORD [32+EBP]
    47 00000048 7E D5                           	JLE	L11
    48 0000004A                                 L13:
    49 0000004A 58                              	POP	EAX
    50 0000004B 5A                              	POP	EDX
    51 0000004C 5B                              	POP	EBX
    52 0000004D 5E                              	POP	ESI
    53 0000004E 5F                              	POP	EDI
    54 0000004F 5D                              	POP	EBP
    55 00000050 C3                              	RET
    56 00000051                                 	GLOBAL	_DrawBack
    57 00000051                                 _DrawBack:
    58 00000051 55                              	PUSH	EBP
    59 00000052 89 E5                           	MOV	EBP,ESP
    60 00000054 FF 75 10                        	PUSH	DWORD [16+EBP]
    61 00000057 8B 45 0C                        	MOV	EAX,DWORD [12+EBP]
    62 0000005A 50                              	PUSH	EAX
    63 0000005B 6A 00                           	PUSH	0
    64 0000005D 6A 00                           	PUSH	0
    65 0000005F 6A 36                           	PUSH	54
    66 00000061 50                              	PUSH	EAX
    67 00000062 FF 75 08                        	PUSH	DWORD [8+EBP]
    68 00000065 E8 FFFFFF96                     	CALL	_RectFill
    69 0000006A C9                              	LEAVE
    70 0000006B C3                              	RET
    71 0000006C                                 	GLOBAL	_PutFont_Asc
    72 0000006C                                 _PutFont_Asc:
    73 0000006C 55                              	PUSH	EBP
    74 0000006D 89 E5                           	MOV	EBP,ESP
    75 0000006F 57                              	PUSH	EDI
    76 00000070 56                              	PUSH	ESI
    77 00000071 53                              	PUSH	EBX
    78 00000072 53                              	PUSH	EBX
    79 00000073 8B 5D 1C                        	MOV	EBX,DWORD [28+EBP]
    80 00000076 8A 45 18                        	MOV	AL,BYTE [24+EBP]
    81 00000079 88 45 F3                        	MOV	BYTE [-13+EBP],AL
    82 0000007C 8B 75 10                        	MOV	ESI,DWORD [16+EBP]
    83 0000007F 8B 7D 14                        	MOV	EDI,DWORD [20+EBP]
    84 00000082 80 3B 00                        	CMP	BYTE [EBX],0
    85 00000085 75 08                           	JNE	L22
    86 00000087                                 L24:
    87 00000087 8D 65 F4                        	LEA	ESP,DWORD [-12+EBP]
    88 0000008A 5B                              	POP	EBX
    89 0000008B 5E                              	POP	ESI
    90 0000008C 5F                              	POP	EDI
    91 0000008D 5D                              	POP	EBP
    92 0000008E C3                              	RET
    93 0000008F                                 L22:
    94 0000008F 0F B6 03                        	MOVZX	EAX,BYTE [EBX]
    95 00000092 C1 E0 04                        	SAL	EAX,4
    96 00000095 43                              	INC	EBX
    97 00000096 05 [00000000]                   	ADD	EAX,_Font
    98 0000009B 50                              	PUSH	EAX
    99 0000009C 0F BE 45 F3                     	MOVSX	EAX,BYTE [-13+EBP]
   100 000000A0 50                              	PUSH	EAX
   101 000000A1 57                              	PUSH	EDI
   102 000000A2 56                              	PUSH	ESI
   103 000000A3 83 C6 08                        	ADD	ESI,8
   104 000000A6 FF 75 0C                        	PUSH	DWORD [12+EBP]
   105 000000A9 FF 75 08                        	PUSH	DWORD [8+EBP]
   106 000000AC E8 0000000A                     	CALL	_PutFont8
   107 000000B1 83 C4 18                        	ADD	ESP,24
   108 000000B4 80 3B 00                        	CMP	BYTE [EBX],0
   109 000000B7 75 D6                           	JNE	L22
   110 000000B9 EB CC                           	JMP	L24
   111 000000BB                                 	GLOBAL	_PutFont8
   112 000000BB                                 _PutFont8:
   113 000000BB 55                              	PUSH	EBP
   114 000000BC 89 E5                           	MOV	EBP,ESP
   115 000000BE 57                              	PUSH	EDI
   116 000000BF 56                              	PUSH	ESI
   117 000000C0 31 F6                           	XOR	ESI,ESI
   118 000000C2 53                              	PUSH	EBX
   119 000000C3 8B 7D 1C                        	MOV	EDI,DWORD [28+EBP]
   120 000000C6 8A 5D 18                        	MOV	BL,BYTE [24+EBP]
   121 000000C9                                 L38:
   122 000000C9 8B 45 14                        	MOV	EAX,DWORD [20+EBP]
   123 000000CC 8B 55 10                        	MOV	EDX,DWORD [16+EBP]
   124 000000CF 01 F0                           	ADD	EAX,ESI
   125 000000D1 0F AF 45 0C                     	IMUL	EAX,DWORD [12+EBP]
   126 000000D5 03 45 08                        	ADD	EAX,DWORD [8+EBP]
   127 000000D8 8D 0C 02                        	LEA	ECX,DWORD [EDX+EAX*1]
   128 000000DB 8A 14 3E                        	MOV	DL,BYTE [ESI+EDI*1]
   129 000000DE 84 D2                           	TEST	DL,DL
   130 000000E0 79 02                           	JNS	L30
   131 000000E2 88 19                           	MOV	BYTE [ECX],BL
   132 000000E4                                 L30:
   133 000000E4 88 D0                           	MOV	AL,DL
   134 000000E6 83 E0 40                        	AND	EAX,64
   135 000000E9 84 C0                           	TEST	AL,AL
   136 000000EB 74 03                           	JE	L31
   137 000000ED 88 59 01                        	MOV	BYTE [1+ECX],BL
   138 000000F0                                 L31:
   139 000000F0 88 D0                           	MOV	AL,DL
   140 000000F2 83 E0 20                        	AND	EAX,32
   141 000000F5 84 C0                           	TEST	AL,AL
   142 000000F7 74 03                           	JE	L32
   143 000000F9 88 59 02                        	MOV	BYTE [2+ECX],BL
   144 000000FC                                 L32:
   145 000000FC 88 D0                           	MOV	AL,DL
   146 000000FE 83 E0 10                        	AND	EAX,16
   147 00000101 84 C0                           	TEST	AL,AL
   148 00000103 74 03                           	JE	L33
   149 00000105 88 59 03                        	MOV	BYTE [3+ECX],BL
   150 00000108                                 L33:
   151 00000108 88 D0                           	MOV	AL,DL
   152 0000010A 83 E0 08                        	AND	EAX,8
   153 0000010D 84 C0                           	TEST	AL,AL
   154 0000010F 74 03                           	JE	L34
   155 00000111 88 59 04                        	MOV	BYTE [4+ECX],BL
   156 00000114                                 L34:
   157 00000114 88 D0                           	MOV	AL,DL
   158 00000116 83 E0 04                        	AND	EAX,4
   159 00000119 84 C0                           	TEST	AL,AL
   160 0000011B 74 03                           	JE	L35
   161 0000011D 88 59 05                        	MOV	BYTE [5+ECX],BL
   162 00000120                                 L35:
   163 00000120 88 D0                           	MOV	AL,DL
   164 00000122 83 E0 02                        	AND	EAX,2
   165 00000125 84 C0                           	TEST	AL,AL
   166 00000127 74 03                           	JE	L36
   167 00000129 88 59 06                        	MOV	BYTE [6+ECX],BL
   168 0000012C                                 L36:
   169 0000012C 83 E2 01                        	AND	EDX,1
   170 0000012F 84 D2                           	TEST	DL,DL
   171 00000131 74 03                           	JE	L28
   172 00000133 88 59 07                        	MOV	BYTE [7+ECX],BL
   173 00000136                                 L28:
   174 00000136 46                              	INC	ESI
   175 00000137 83 FE 0F                        	CMP	ESI,15
   176 0000013A 7E 8D                           	JLE	L38
   177 0000013C 5B                              	POP	EBX
   178 0000013D 5E                              	POP	ESI
   179 0000013E 5F                              	POP	EDI
   180 0000013F 5D                              	POP	EBP
   181 00000140 C3                              	RET
   182                                          [SECTION .data]
   183 00000000                                 _cursor.0:
   184 00000000 2A 2A 2E 2E 2E 2E 2E 2E 2E 2E   	DB	"**.............."
       0000000A 2E 2E 2E 2E 2E 2E 
   185 00000010 2A 4F 2A 2E 2E 2E 2E 2E 2E 2E   	DB	"*O*............."
       0000001A 2E 2E 2E 2E 2E 2E 
   186 00000020 2A 4F 4F 2A 2E 2E 2E 2E 2E 2E   	DB	"*OO*............"
       0000002A 2E 2E 2E 2E 2E 2E 
   187 00000030 2A 4F 4F 4F 2A 2E 2E 2E 2E 2E   	DB	"*OOO*..........."
       0000003A 2E 2E 2E 2E 2E 2E 
   188 00000040 2A 4F 4F 4F 4F 2A 2E 2E 2E 2E   	DB	"*OOOO*.........."
       0000004A 2E 2E 2E 2E 2E 2E 
   189 00000050 2A 4F 4F 4F 4F 4F 2A 2E 2E 2E   	DB	"*OOOOO*........."
       0000005A 2E 2E 2E 2E 2E 2E 
   190 00000060 2A 4F 4F 4F 4F 4F 4F 2A 2E 2E   	DB	"*OOOOOO*........"
       0000006A 2E 2E 2E 2E 2E 2E 
   191 00000070 2A 4F 4F 4F 4F 4F 4F 4F 2A 2E   	DB	"*OOOOOOO*......."
       0000007A 2E 2E 2E 2E 2E 2E 
   192 00000080 2A 4F 4F 4F 4F 4F 4F 4F 4F 2A   	DB	"*OOOOOOOO*......"
       0000008A 2E 2E 2E 2E 2E 2E 
   193 00000090 2A 4F 4F 4F 4F 4F 4F 4F 4F 4F   	DB	"*OOOOOOOOO*....."
       0000009A 2A 2E 2E 2E 2E 2E 
   194 000000A0 2A 4F 4F 4F 4F 2A 2A 2A 2A 2A   	DB	"*OOOO******....."
       000000AA 2A 2E 2E 2E 2E 2E 
   195 000000B0 2A 4F 4F 4F 2A 2E 2E 2E 2E 2E   	DB	"*OOO*..........."
       000000BA 2E 2E 2E 2E 2E 2E 
   196 000000C0 2A 4F 4F 2A 2E 2E 2E 2E 2E 2E   	DB	"*OO*............"
       000000CA 2E 2E 2E 2E 2E 2E 
   197 000000D0 2A 4F 2A 2E 2E 2E 2E 2E 2E 2E   	DB	"*O*............."
       000000DA 2E 2E 2E 2E 2E 2E 
   198 000000E0 2A 2A 2E 2E 2E 2E 2E 2E 2E 2E   	DB	"**.............."
       000000EA 2E 2E 2E 2E 2E 2E 
   199 000000F0 2E 2E 2E 2E 2E 2E 2E 2E 2E 2E   	DB	"................"
       000000FA 2E 2E 2E 2E 2E 2E 
   200                                          [SECTION .text]
   201 00000141                                 	GLOBAL	_Init_MouseCur
   202 00000141                                 _Init_MouseCur:
   203 00000141 55                              	PUSH	EBP
   204 00000142 89 E5                           	MOV	EBP,ESP
   205 00000144 57                              	PUSH	EDI
   206 00000145 56                              	PUSH	ESI
   207 00000146 53                              	PUSH	EBX
   208 00000147 31 DB                           	XOR	EBX,EBX
   209 00000149 57                              	PUSH	EDI
   210 0000014A 31 FF                           	XOR	EDI,EDI
   211 0000014C 8A 45 0C                        	MOV	AL,BYTE [12+EBP]
   212 0000014F 8B 75 08                        	MOV	ESI,DWORD [8+EBP]
   213 00000152 88 45 F3                        	MOV	BYTE [-13+EBP],AL
   214 00000155                                 L54:
   215 00000155 31 D2                           	XOR	EDX,EDX
   216 00000157                                 L53:
   217 00000157 8D 04 3A                        	LEA	EAX,DWORD [EDX+EDI*1]
   218 0000015A 80 B8 [00000000] 2A             	CMP	BYTE [_cursor.0+EAX],42
   219 00000161 74 35                           	JE	L59
   220 00000163                                 L50:
   221 00000163 80 B8 [00000000] 4F             	CMP	BYTE [_cursor.0+EAX],79
   222 0000016A 74 26                           	JE	L60
   223 0000016C                                 L51:
   224 0000016C 80 B8 [00000000] 2E             	CMP	BYTE [_cursor.0+EAX],46
   225 00000173 74 15                           	JE	L61
   226 00000175                                 L48:
   227 00000175 42                              	INC	EDX
   228 00000176 83 FA 0F                        	CMP	EDX,15
   229 00000179 7E DC                           	JLE	L53
   230 0000017B 43                              	INC	EBX
   231 0000017C 83 C7 10                        	ADD	EDI,16
   232 0000017F 83 FB 0F                        	CMP	EBX,15
   233 00000182 7E D1                           	JLE	L54
   234 00000184 5E                              	POP	ESI
   235 00000185 5B                              	POP	EBX
   236 00000186 5E                              	POP	ESI
   237 00000187 5F                              	POP	EDI
   238 00000188 5D                              	POP	EBP
   239 00000189 C3                              	RET
   240 0000018A                                 L61:
   241 0000018A 8A 4D F3                        	MOV	CL,BYTE [-13+EBP]
   242 0000018D 88 0C 30                        	MOV	BYTE [EAX+ESI*1],CL
   243 00000190 EB E3                           	JMP	L48
   244 00000192                                 L60:
   245 00000192 C6 04 30 0F                     	MOV	BYTE [EAX+ESI*1],15
   246 00000196 EB D4                           	JMP	L51
   247 00000198                                 L59:
   248 00000198 C6 04 30 10                     	MOV	BYTE [EAX+ESI*1],16
   249 0000019C EB C5                           	JMP	L50
   250 0000019E                                 	GLOBAL	_PutBlock
   251 0000019E                                 _PutBlock:
   252 0000019E 55                              	PUSH	EBP
   253 0000019F 89 E5                           	MOV	EBP,ESP
   254 000001A1 57                              	PUSH	EDI
   255 000001A2 56                              	PUSH	ESI
   256 000001A3 31 F6                           	XOR	ESI,ESI
   257 000001A5 53                              	PUSH	EBX
   258 000001A6 83 EC 0C                        	SUB	ESP,12
   259 000001A9 3B 75 14                        	CMP	ESI,DWORD [20+EBP]
   260 000001AC 7D 3E                           	JGE	L74
   261 000001AE 31 FF                           	XOR	EDI,EDI
   262 000001B0                                 L72:
   263 000001B0 31 DB                           	XOR	EBX,EBX
   264 000001B2 3B 5D 10                        	CMP	EBX,DWORD [16+EBP]
   265 000001B5 7D 2C                           	JGE	L76
   266 000001B7 8B 45 20                        	MOV	EAX,DWORD [32+EBP]
   267 000001BA 01 F8                           	ADD	EAX,EDI
   268 000001BC 89 45 EC                        	MOV	DWORD [-20+EBP],EAX
   269 000001BF                                 L71:
   270 000001BF 8B 45 1C                        	MOV	EAX,DWORD [28+EBP]
   271 000001C2 8B 55 18                        	MOV	EDX,DWORD [24+EBP]
   272 000001C5 01 F0                           	ADD	EAX,ESI
   273 000001C7 01 DA                           	ADD	EDX,EBX
   274 000001C9 0F AF 45 0C                     	IMUL	EAX,DWORD [12+EBP]
   275 000001CD 01 D0                           	ADD	EAX,EDX
   276 000001CF 8B 4D 08                        	MOV	ECX,DWORD [8+EBP]
   277 000001D2 8B 55 EC                        	MOV	EDX,DWORD [-20+EBP]
   278 000001D5 43                              	INC	EBX
   279 000001D6 8A 12                           	MOV	DL,BYTE [EDX]
   280 000001D8 88 14 08                        	MOV	BYTE [EAX+ECX*1],DL
   281 000001DB FF 45 EC                        	INC	DWORD [-20+EBP]
   282 000001DE 3B 5D 10                        	CMP	EBX,DWORD [16+EBP]
   283 000001E1 7C DC                           	JL	L71
   284 000001E3                                 L76:
   285 000001E3 46                              	INC	ESI
   286 000001E4 03 7D 24                        	ADD	EDI,DWORD [36+EBP]
   287 000001E7 3B 75 14                        	CMP	ESI,DWORD [20+EBP]
   288 000001EA 7C C4                           	JL	L72
   289 000001EC                                 L74:
   290 000001EC 83 C4 0C                        	ADD	ESP,12
   291 000001EF 5B                              	POP	EBX
   292 000001F0 5E                              	POP	ESI
   293 000001F1 5F                              	POP	EDI
   294 000001F2 5D                              	POP	EBP
   295 000001F3 C3                              	RET
