     1 00000000                                 [FORMAT "WCOFF"]
     2 00000000                                 [INSTRSET "i486p"]
     3 00000000                                 [OPTIMIZE 1]
     4 00000000                                 [OPTION 1]
     5 00000000                                 [BITS 32]
     6 00000000                                 	EXTERN	_io_out8
     7 00000000                                 	EXTERN	_io_in8
     8 00000000                                 	EXTERN	_KeyFifo
     9 00000000                                 	EXTERN	_fifo8_put
    10 00000000                                 	EXTERN	_MouseFifo
    11 00000000                                 [FILE "Interruput.c"]
    12                                          [SECTION .text]
    13 00000000                                 	GLOBAL	_Init_PIC
    14 00000000                                 _Init_PIC:
    15 00000000 55                              	PUSH	EBP
    16 00000001 89 E5                           	MOV	EBP,ESP
    17 00000003 68 000000FF                     	PUSH	255
    18 00000008 6A 21                           	PUSH	33
    19 0000000A E8 [00000000]                   	CALL	_io_out8
    20 0000000F 68 000000FF                     	PUSH	255
    21 00000014 68 000000A1                     	PUSH	161
    22 00000019 E8 [00000000]                   	CALL	_io_out8
    23 0000001E 6A 11                           	PUSH	17
    24 00000020 6A 20                           	PUSH	32
    25 00000022 E8 [00000000]                   	CALL	_io_out8
    26 00000027 6A 20                           	PUSH	32
    27 00000029 6A 21                           	PUSH	33
    28 0000002B E8 [00000000]                   	CALL	_io_out8
    29 00000030 83 C4 20                        	ADD	ESP,32
    30 00000033 6A 04                           	PUSH	4
    31 00000035 6A 21                           	PUSH	33
    32 00000037 E8 [00000000]                   	CALL	_io_out8
    33 0000003C 6A 01                           	PUSH	1
    34 0000003E 6A 21                           	PUSH	33
    35 00000040 E8 [00000000]                   	CALL	_io_out8
    36 00000045 6A 11                           	PUSH	17
    37 00000047 68 000000A0                     	PUSH	160
    38 0000004C E8 [00000000]                   	CALL	_io_out8
    39 00000051 6A 28                           	PUSH	40
    40 00000053 68 000000A1                     	PUSH	161
    41 00000058 E8 [00000000]                   	CALL	_io_out8
    42 0000005D 83 C4 20                        	ADD	ESP,32
    43 00000060 6A 02                           	PUSH	2
    44 00000062 68 000000A1                     	PUSH	161
    45 00000067 E8 [00000000]                   	CALL	_io_out8
    46 0000006C 6A 01                           	PUSH	1
    47 0000006E 68 000000A1                     	PUSH	161
    48 00000073 E8 [00000000]                   	CALL	_io_out8
    49 00000078 68 000000FB                     	PUSH	251
    50 0000007D 6A 21                           	PUSH	33
    51 0000007F E8 [00000000]                   	CALL	_io_out8
    52 00000084 68 000000FF                     	PUSH	255
    53 00000089 68 000000A1                     	PUSH	161
    54 0000008E E8 [00000000]                   	CALL	_io_out8
    55 00000093 C9                              	LEAVE
    56 00000094 C3                              	RET
    57 00000095                                 	GLOBAL	_inthandler21
    58 00000095                                 _inthandler21:
    59 00000095 55                              	PUSH	EBP
    60 00000096 89 E5                           	MOV	EBP,ESP
    61 00000098 6A 61                           	PUSH	97
    62 0000009A 6A 20                           	PUSH	32
    63 0000009C E8 [00000000]                   	CALL	_io_out8
    64 000000A1 6A 60                           	PUSH	96
    65 000000A3 E8 [00000000]                   	CALL	_io_in8
    66 000000A8 0F B6 C0                        	MOVZX	EAX,AL
    67 000000AB 50                              	PUSH	EAX
    68 000000AC 68 [00000000]                   	PUSH	_KeyFifo
    69 000000B1 E8 [00000000]                   	CALL	_fifo8_put
    70 000000B6 C9                              	LEAVE
    71 000000B7 C3                              	RET
    72 000000B8                                 	GLOBAL	_inthandler2c
    73 000000B8                                 _inthandler2c:
    74 000000B8 55                              	PUSH	EBP
    75 000000B9 89 E5                           	MOV	EBP,ESP
    76 000000BB 6A 64                           	PUSH	100
    77 000000BD 68 000000A0                     	PUSH	160
    78 000000C2 E8 [00000000]                   	CALL	_io_out8
    79 000000C7 6A 62                           	PUSH	98
    80 000000C9 6A 20                           	PUSH	32
    81 000000CB E8 [00000000]                   	CALL	_io_out8
    82 000000D0 6A 60                           	PUSH	96
    83 000000D2 E8 [00000000]                   	CALL	_io_in8
    84 000000D7 0F B6 C0                        	MOVZX	EAX,AL
    85 000000DA 50                              	PUSH	EAX
    86 000000DB 68 [00000000]                   	PUSH	_MouseFifo
    87 000000E0 E8 [00000000]                   	CALL	_fifo8_put
    88 000000E5 C9                              	LEAVE
    89 000000E6 C3                              	RET
    90 000000E7                                 	GLOBAL	_inthandler27
    91 000000E7                                 _inthandler27:
    92 000000E7 55                              	PUSH	EBP
    93 000000E8 89 E5                           	MOV	EBP,ESP
    94 000000EA 6A 67                           	PUSH	103
    95 000000EC 6A 20                           	PUSH	32
    96 000000EE E8 [00000000]                   	CALL	_io_out8
    97 000000F3 C9                              	LEAVE
    98 000000F4 C3                              	RET
